{"/home/henryqrm/Desktop/henryqrm-libraries/packages/to/src/to.ts": {"path":"/home/henryqrm/Desktop/henryqrm-libraries/packages/to/src/to.ts","statementMap":{"0":{"start":{"line":8,"column":26},"end":{"line":10,"column":1}},"1":{"start":{"line":9,"column":2},"end":{"line":9,"column":null}},"2":{"start":{"line":12,"column":11},"end":{"line":34,"column":1}},"3":{"start":{"line":14,"column":2},"end":{"line":14,"column":22}},"4":{"start":{"line":16,"column":16},"end":{"line":16,"column":32}},"5":{"start":{"line":17,"column":2},"end":{"line":22,"column":null}},"6":{"start":{"line":18,"column":20},"end":{"line":18,"column":44}},"7":{"start":{"line":19,"column":4},"end":{"line":21,"column":null}},"8":{"start":{"line":20,"column":41},"end":{"line":20,"column":59}},"9":{"start":{"line":21,"column":43},"end":{"line":21,"column":67}},"10":{"start":{"line":24,"column":2},"end":{"line":31,"column":null}},"11":{"start":{"line":25,"column":4},"end":{"line":30,"column":null}},"12":{"start":{"line":26,"column":19},"end":{"line":26,"column":32}},"13":{"start":{"line":27,"column":6},"end":{"line":27,"column":null}},"14":{"start":{"line":29,"column":6},"end":{"line":29,"column":null}},"15":{"start":{"line":33,"column":2},"end":{"line":33,"column":null}},"16":{"start":{"line":36,"column":0},"end":{"line":36,"column":null}}},"fnMap":{"0":{"name":"(anonymous_0)","decl":{"start":{"line":8,"column":26},"end":{"line":8,"column":27}},"loc":{"start":{"line":8,"column":47},"end":{"line":10,"column":1}}},"1":{"name":"(anonymous_1)","decl":{"start":{"line":12,"column":11},"end":{"line":12,"column":null}},"loc":{"start":{"line":13,"column":40},"end":{"line":34,"column":1}}},"2":{"name":"(anonymous_2)","decl":{"start":{"line":20,"column":28},"end":{"line":20,"column":29}},"loc":{"start":{"line":20,"column":36},"end":{"line":20,"column":42}}},"3":{"name":"(anonymous_3)","decl":{"start":{"line":21,"column":27},"end":{"line":21,"column":28}},"loc":{"start":{"line":21,"column":38},"end":{"line":21,"column":44}}}},"branchMap":{"0":{"loc":{"start":{"line":16,"column":23},"end":{"line":16,"column":27}},"type":"cond-expr","locations":[{"start":{"line":16,"column":23},"end":{"line":16,"column":27}},{"start":{"line":16,"column":30},"end":{"line":16,"column":32}}]},"1":{"loc":{"start":{"line":17,"column":2},"end":{"line":22,"column":null}},"type":"if","locations":[{"start":{"line":17,"column":2},"end":{"line":22,"column":null}},{"start":{"line":17,"column":2},"end":{"line":22,"column":null}}]},"2":{"loc":{"start":{"line":24,"column":2},"end":{"line":31,"column":null}},"type":"if","locations":[{"start":{"line":24,"column":2},"end":{"line":31,"column":null}},{"start":{"line":24,"column":2},"end":{"line":31,"column":null}}]}},"s":{"0":1,"1":2,"2":1,"3":10,"4":5,"5":5,"6":2,"7":2,"8":1,"9":1,"10":3,"11":1,"12":1,"13":1,"14":0,"15":2,"16":1},"f":{"0":2,"1":5,"2":1,"3":1},"b":{"0":[5,0],"1":[2,3],"2":[1,2]}}
}
