TN:
SF:/home/henryqrm/Desktop/henryqrm-libraries/packages/to/src/to.ts
FN:8,(anonymous_0)
FN:12,(anonymous_1)
FN:20,(anonymous_2)
FN:21,(anonymous_3)
FNF:4
FNH:4
FNDA:2,(anonymous_0)
FNDA:5,(anonymous_1)
FNDA:1,(anonymous_2)
FNDA:1,(anonymous_3)
DA:8,1
DA:9,2
DA:12,1
DA:14,10
DA:16,5
DA:17,5
DA:18,2
DA:19,2
DA:20,1
DA:21,1
DA:24,3
DA:25,1
DA:26,1
DA:27,1
DA:29,0
DA:33,2
DA:36,1
LF:17
LH:16
BRDA:16,0,0,5
BRDA:16,0,1,0
BRDA:17,1,0,2
BRDA:17,1,1,3
BRDA:24,2,0,1
BRDA:24,2,1,2
BRF:6
BRH:5
end_of_record
